2024-06-12 10:41:47.0986 INFO User upadtion initiated...
2024-06-12 10:41:47.3757 INFO User upadtion completed...
2024-06-12 10:43:07.5941 INFO User upadtion initiated...
2024-06-12 10:43:07.6221 INFO User upadtion completed...
2024-06-12 10:43:18.5519 INFO User upadtion initiated...
2024-06-12 10:43:18.5562 INFO User upadtion completed...
2024-06-18 09:11:10.4559 INFO User password change initiated...
2024-06-18 09:11:10.5501 INFO User password change completed...
2024-06-18 09:11:25.2595 INFO User password change initiated...
2024-06-18 09:11:25.2595 INFO User password change completed...
2024-06-18 09:12:03.4208 INFO User update initiated...
2024-06-18 09:41:33.9513 INFO User update initiated...
2024-06-18 09:41:34.0684 INFO User update completed...
2024-06-18 09:41:43.0219 INFO User update initiated...
2024-06-18 09:41:43.0456 INFO User update completed...
2024-06-18 09:42:30.7829 INFO User update initiated...
2024-06-18 09:42:30.7829 INFO User update completed...
2024-06-18 09:43:24.0004 INFO User update initiated...
2024-06-18 09:43:24.0046 INFO User update completed...
2024-06-18 09:43:33.4431 INFO User update initiated...
2024-06-18 09:43:33.4431 INFO User update completed...
